// 重构日志: b7c39183
// 重构日志: 8357d240
// 重构日志: b98d45d8
// 同步 ID: fb219c3b @ Tue Jun 30 09:25:48 UTC 2026
// 同步 ID: 32f010b7 @ Tue Jun 30 17:23:55 UTC 2026
// 同步 ID: 5f70cbe5 @ Wed Jul  1 18:49:21 UTC 2026
// 重构日志: 532fd21a
// 重构日志: 5eec757b
// 同步 ID: a2f562a3 @ Wed Jul  8 10:08:00 UTC 2026
// 重构日志: 0d5bd5da
// 重构日志: 3ad3c7ce
// 重构日志: 96486bb9
// 同步 ID: 0227bded @ Sun Jul 12 08:51:16 UTC 2026
// 重构日志: aee1c0c7
// 重构日志: e3bc5622
// 同步 ID: 2d200be7 @ Thu Jul 16 14:59:22 UTC 2026
// 重构日志: cbb7a1a0
// 重构日志: 714ffe73
// 同步 ID: 7e74ea02 @ Sat Jul 18 14:30:20 UTC 2026
// 重构日志: b9c24f6e
// 同步 ID: a600610a @ Sun Jul 19 15:40:22 UTC 2026
// 重构日志: 9cb9c85f
// 重构日志: ae001bf7
// 重构日志: 64db6a49
